<?xml version="1.0" ?>
<!DOCTYPE coverage SYSTEM "http://cobertura.sourceforge.net/xml/coverage-04.dtd">
<coverage lines-valid="2" lines-covered="2" line-rate="1" branches-valid="0" branches-covered="0" branch-rate="1" timestamp="1613769215095" complexity="0" version="0.1">
  <sources>
    <source>C:\Projects\challonge-api-js</source>
  </sources>
  <packages>
    <class name="add-demo-npm.ts" filename="src\add-demo-npm.ts" line-rate="1" branch-rate="1">
      <methods>
        <method name="add" hits="3" signature="()V">
          <lines>
            <line number="1" hits="3"/>
          </lines>
        </method>
      </methods>
      <lines>
        <line number="1" hits="1" branch="false"/>
        <line number="2" hits="3" branch="false"/>
      </lines>
    </class>
  </packages>
</coverage>
